mode: set
terraform-provider-spaceship/main.go:16.13,20.16 2 0
terraform-provider-spaceship/main.go:20.16,22.3 1 0
terraform-provider-spaceship/internal/client/records/a.go:16.43,18.51 2 0
terraform-provider-spaceship/internal/client/records/a.go:18.51,20.3 1 0
terraform-provider-spaceship/internal/client/records/a.go:21.2,21.12 1 0
terraform-provider-spaceship/internal/client/records/a.go:25.40,27.2 1 0
terraform-provider-spaceship/internal/client/records/a.go:30.39,32.2 1 0
terraform-provider-spaceship/internal/client/records/a.go:35.38,42.31 3 0
terraform-provider-spaceship/internal/client/records/a.go:42.31,43.29 1 0
terraform-provider-spaceship/internal/client/records/a.go:43.29,45.4 1 0
terraform-provider-spaceship/internal/client/records/a.go:47.2,47.13 1 0
terraform-provider-spaceship/internal/client/records/common.go:12.38,13.38 1 1
terraform-provider-spaceship/internal/client/records/common.go:13.38,15.3 1 1
terraform-provider-spaceship/internal/client/records/common.go:16.2,17.16 2 1
terraform-provider-spaceship/internal/client/records/common.go:17.16,19.3 1 0
terraform-provider-spaceship/internal/client/records/common.go:20.2,20.14 1 1
terraform-provider-spaceship/internal/client/records/common.go:20.14,22.3 1 1
terraform-provider-spaceship/internal/client/records/common.go:23.2,23.12 1 1
terraform-provider-spaceship/internal/client/records/common.go:27.33,28.28 1 1
terraform-provider-spaceship/internal/client/records/common.go:28.28,30.3 1 1
terraform-provider-spaceship/internal/client/records/common.go:31.2,31.12 1 1
terraform-provider-spaceship/internal/client/records/srv.go:22.45,23.47 1 1
terraform-provider-spaceship/internal/client/records/srv.go:23.47,25.3 1 1
terraform-provider-spaceship/internal/client/records/srv.go:26.2,26.47 1 1
terraform-provider-spaceship/internal/client/records/srv.go:26.47,28.3 1 1
terraform-provider-spaceship/internal/client/records/srv.go:29.2,29.12 1 1
terraform-provider-spaceship/internal/client/records/srv.go:33.46,34.49 1 1
terraform-provider-spaceship/internal/client/records/srv.go:34.49,36.3 1 1
terraform-provider-spaceship/internal/client/records/srv.go:37.2,37.48 1 1
terraform-provider-spaceship/internal/client/records/srv.go:37.48,39.3 1 1
terraform-provider-spaceship/internal/client/records/srv.go:40.2,40.12 1 1
terraform-provider-spaceship/internal/client/records/srv.go:44.46,45.42 1 1
terraform-provider-spaceship/internal/client/records/srv.go:45.42,47.3 1 1
terraform-provider-spaceship/internal/client/records/srv.go:48.2,48.12 1 1
terraform-provider-spaceship/internal/client/records/srv.go:52.44,53.38 1 1
terraform-provider-spaceship/internal/client/records/srv.go:53.38,55.3 1 1
terraform-provider-spaceship/internal/client/records/srv.go:56.2,56.12 1 1
terraform-provider-spaceship/internal/client/records/srv.go:60.42,61.34 1 1
terraform-provider-spaceship/internal/client/records/srv.go:61.34,63.3 1 1
terraform-provider-spaceship/internal/client/records/srv.go:64.2,64.12 1 1
terraform-provider-spaceship/internal/client/records/srv.go:68.44,69.46 1 1
terraform-provider-spaceship/internal/client/records/srv.go:69.46,71.3 1 1
terraform-provider-spaceship/internal/client/records/srv.go:72.2,73.16 2 1
terraform-provider-spaceship/internal/client/records/srv.go:73.16,75.3 1 0
terraform-provider-spaceship/internal/client/records/srv.go:76.2,76.14 1 1
terraform-provider-spaceship/internal/client/records/srv.go:76.14,78.3 1 1
terraform-provider-spaceship/internal/client/records/srv.go:79.2,79.12 1 1
terraform-provider-spaceship/internal/client/records/srv.go:83.42,85.2 1 1
terraform-provider-spaceship/internal/client/records/srv.go:88.41,90.2 1 1
terraform-provider-spaceship/internal/client/records/srv.go:93.40,105.31 3 1
terraform-provider-spaceship/internal/client/records/srv.go:105.31,106.29 1 1
terraform-provider-spaceship/internal/client/records/srv.go:106.29,108.4 1 1
terraform-provider-spaceship/internal/client/records/srv.go:110.2,110.13 1 1
terraform-provider-spaceship/internal/client/client.go:23.68,25.16 2 1
terraform-provider-spaceship/internal/client/client.go:25.16,27.3 1 1
terraform-provider-spaceship/internal/client/client.go:28.2,35.8 1 1
terraform-provider-spaceship/internal/client/client.go:38.47,41.2 2 1
terraform-provider-spaceship/internal/client/client.go:43.75,45.18 2 1
terraform-provider-spaceship/internal/client/client.go:45.18,47.3 1 1
terraform-provider-spaceship/internal/client/client.go:47.8,49.3 1 1
terraform-provider-spaceship/internal/client/client.go:50.2,50.26 1 1
terraform-provider-spaceship/internal/client/dns.go:61.50,63.2 1 1
terraform-provider-spaceship/internal/client/dns.go:65.44,67.2 1 1
terraform-provider-spaceship/internal/client/dns.go:69.51,70.14 1 1
terraform-provider-spaceship/internal/client/dns.go:70.14,72.3 1 1
terraform-provider-spaceship/internal/client/dns.go:73.2,73.18 1 1
terraform-provider-spaceship/internal/client/dns.go:73.18,75.3 1 1
terraform-provider-spaceship/internal/client/dns.go:76.2,76.21 1 1
terraform-provider-spaceship/internal/client/dns.go:76.21,78.3 1 1
terraform-provider-spaceship/internal/client/dns.go:79.2,79.28 1 1
terraform-provider-spaceship/internal/client/dns.go:82.54,83.28 1 1
terraform-provider-spaceship/internal/client/dns.go:83.28,85.3 1 1
terraform-provider-spaceship/internal/client/dns.go:86.2,87.56 2 1
terraform-provider-spaceship/internal/client/dns.go:87.56,91.3 3 1
terraform-provider-spaceship/internal/client/dns.go:93.2,94.59 2 1
terraform-provider-spaceship/internal/client/dns.go:94.59,98.3 3 1
terraform-provider-spaceship/internal/client/dns.go:100.2,100.59 1 1
terraform-provider-spaceship/internal/client/dns.go:114.89,121.6 2 1
terraform-provider-spaceship/internal/client/dns.go:121.6,133.83 7 1
terraform-provider-spaceship/internal/client/dns.go:133.83,135.4 1 1
terraform-provider-spaceship/internal/client/dns.go:137.3,139.18 2 1
terraform-provider-spaceship/internal/client/dns.go:139.18,141.4 1 1
terraform-provider-spaceship/internal/client/dns.go:142.3,142.54 1 1
terraform-provider-spaceship/internal/client/dns.go:142.54,143.9 1 1
terraform-provider-spaceship/internal/client/dns.go:146.3,146.26 1 1
terraform-provider-spaceship/internal/client/dns.go:149.2,149.44 1 1
terraform-provider-spaceship/internal/client/dns.go:156.62,158.28 2 1
terraform-provider-spaceship/internal/client/dns.go:158.28,159.55 1 1
terraform-provider-spaceship/internal/client/dns.go:159.55,161.4 1 1
terraform-provider-spaceship/internal/client/dns.go:163.2,163.17 1 1
terraform-provider-spaceship/internal/client/dns.go:167.110,168.23 1 1
terraform-provider-spaceship/internal/client/dns.go:168.23,170.3 1 1
terraform-provider-spaceship/internal/client/dns.go:172.2,182.81 3 1
terraform-provider-spaceship/internal/client/dns.go:182.81,184.3 1 0
terraform-provider-spaceship/internal/client/dns.go:185.2,185.12 1 1
terraform-provider-spaceship/internal/client/dns.go:189.98,190.23 1 1
terraform-provider-spaceship/internal/client/dns.go:190.23,192.3 1 1
terraform-provider-spaceship/internal/client/dns.go:194.2,196.84 2 1
terraform-provider-spaceship/internal/client/dns.go:196.84,197.27 1 1
terraform-provider-spaceship/internal/client/dns.go:197.27,199.4 1 1
terraform-provider-spaceship/internal/client/dns.go:200.3,200.13 1 1
terraform-provider-spaceship/internal/client/dns.go:202.2,202.12 1 1
terraform-provider-spaceship/internal/client/dns.go:206.88,208.16 2 1
terraform-provider-spaceship/internal/client/dns.go:208.16,209.27 1 1
terraform-provider-spaceship/internal/client/dns.go:209.27,211.4 1 1
terraform-provider-spaceship/internal/client/dns.go:213.3,213.13 1 1
terraform-provider-spaceship/internal/client/dns.go:216.2,216.49 1 1
terraform-provider-spaceship/internal/client/domains.go:53.73,63.85 7 1
terraform-provider-spaceship/internal/client/domains.go:63.85,65.3 1 0
terraform-provider-spaceship/internal/client/domains.go:67.2,67.24 1 1
terraform-provider-spaceship/internal/client/domains.go:70.88,79.46 4 1
terraform-provider-spaceship/internal/client/domains.go:79.46,84.9 3 1
terraform-provider-spaceship/internal/client/domains.go:84.9,86.4 1 1
terraform-provider-spaceship/internal/client/domains.go:90.2,90.16 1 1
terraform-provider-spaceship/internal/client/domains.go:90.16,92.3 1 1
terraform-provider-spaceship/internal/client/domains.go:93.2,93.24 1 1
terraform-provider-spaceship/internal/client/domains.go:96.86,97.38 1 1
terraform-provider-spaceship/internal/client/domains.go:97.38,98.32 1 1
terraform-provider-spaceship/internal/client/domains.go:98.32,100.4 1 1
terraform-provider-spaceship/internal/client/domains.go:102.2,102.28 1 1
terraform-provider-spaceship/internal/client/domains.go:109.111,122.16 5 1
terraform-provider-spaceship/internal/client/domains.go:122.16,124.3 1 0
terraform-provider-spaceship/internal/client/domains.go:125.2,125.18 1 1
terraform-provider-spaceship/internal/client/domains.go:136.42,138.2 1 1
terraform-provider-spaceship/internal/client/domains.go:145.45,147.2 1 1
terraform-provider-spaceship/internal/client/domains.go:158.117,171.16 4 1
terraform-provider-spaceship/internal/client/domains.go:171.16,173.3 1 0
terraform-provider-spaceship/internal/client/domains.go:174.2,174.12 1 1
terraform-provider-spaceship/internal/client/errors.go:17.44,18.14 1 1
terraform-provider-spaceship/internal/client/errors.go:18.14,20.3 1 1
terraform-provider-spaceship/internal/client/errors.go:22.2,22.21 1 1
terraform-provider-spaceship/internal/client/errors.go:22.21,24.3 1 1
terraform-provider-spaceship/internal/client/errors.go:26.2,26.65 1 1
terraform-provider-spaceship/internal/client/errors.go:29.63,31.16 2 1
terraform-provider-spaceship/internal/client/errors.go:31.16,35.3 1 0
terraform-provider-spaceship/internal/client/errors.go:37.2,40.3 1 1
terraform-provider-spaceship/internal/client/errors.go:44.38,46.30 2 1
terraform-provider-spaceship/internal/client/errors.go:46.30,48.3 1 1
terraform-provider-spaceship/internal/client/errors.go:49.2,49.45 1 1
terraform-provider-spaceship/internal/client/request.go:12.106,15.20 3 1
terraform-provider-spaceship/internal/client/request.go:15.20,17.17 2 1
terraform-provider-spaceship/internal/client/request.go:17.17,19.4 1 0
terraform-provider-spaceship/internal/client/request.go:20.3,20.31 1 1
terraform-provider-spaceship/internal/client/request.go:23.2,24.16 2 1
terraform-provider-spaceship/internal/client/request.go:24.16,26.3 1 0
terraform-provider-spaceship/internal/client/request.go:28.2,29.20 2 1
terraform-provider-spaceship/internal/client/request.go:29.20,31.3 1 1
terraform-provider-spaceship/internal/client/request.go:33.2,34.16 2 1
terraform-provider-spaceship/internal/client/request.go:34.16,36.3 1 0
terraform-provider-spaceship/internal/client/request.go:37.2,37.15 1 1
terraform-provider-spaceship/internal/client/request.go:37.15,39.3 1 1
terraform-provider-spaceship/internal/client/request.go:41.2,42.28 2 1
terraform-provider-spaceship/internal/client/request.go:42.28,44.3 1 1
terraform-provider-spaceship/internal/client/request.go:46.2,46.16 1 1
terraform-provider-spaceship/internal/client/request.go:46.16,48.3 1 1
terraform-provider-spaceship/internal/client/request.go:50.2,50.63 1 1
terraform-provider-spaceship/internal/client/request.go:50.63,52.3 1 0
terraform-provider-spaceship/internal/client/request.go:54.2,54.20 1 1
terraform-provider-spaceship/internal/provider/records/a_record_validator.go:16.36,18.2 1 0
terraform-provider-spaceship/internal/provider/records/a_record_validator.go:20.66,22.2 1 0
terraform-provider-spaceship/internal/provider/records/a_record_validator.go:24.76,26.2 1 0
terraform-provider-spaceship/internal/provider/records/a_record_validator.go:30.125,31.61 1 0
terraform-provider-spaceship/internal/provider/records/a_record_validator.go:31.61,33.3 1 0
terraform-provider-spaceship/internal/provider/records/a_record_validator.go:35.2,38.54 3 0
terraform-provider-spaceship/internal/provider/records/a_record_validator.go:38.54,40.3 1 0
terraform-provider-spaceship/internal/provider/records/a_record_validator.go:42.2,42.35 1 0
terraform-provider-spaceship/internal/provider/records/a_record_validator.go:42.35,44.3 1 0
terraform-provider-spaceship/internal/provider/records/a_record_validator.go:46.2,49.9 3 0
terraform-provider-spaceship/internal/provider/records/a_record_validator.go:49.9,55.3 1 0
terraform-provider-spaceship/internal/provider/records/a_record_validator.go:55.8,55.60 1 0
terraform-provider-spaceship/internal/provider/records/a_record_validator.go:55.60,61.3 1 0
terraform-provider-spaceship/internal/provider/records/a_record_validator.go:61.8,63.47 2 0
terraform-provider-spaceship/internal/provider/records/a_record_validator.go:63.47,69.4 1 0
terraform-provider-spaceship/internal/provider/records/srv_record_validator.go:16.38,18.2 1 1
terraform-provider-spaceship/internal/provider/records/srv_record_validator.go:20.68,22.2 1 1
terraform-provider-spaceship/internal/provider/records/srv_record_validator.go:24.78,26.2 1 1
terraform-provider-spaceship/internal/provider/records/srv_record_validator.go:28.127,29.61 1 1
terraform-provider-spaceship/internal/provider/records/srv_record_validator.go:29.61,31.3 1 1
terraform-provider-spaceship/internal/provider/records/srv_record_validator.go:33.2,36.54 3 1
terraform-provider-spaceship/internal/provider/records/srv_record_validator.go:36.54,38.3 1 1
terraform-provider-spaceship/internal/provider/records/srv_record_validator.go:40.2,40.37 1 1
terraform-provider-spaceship/internal/provider/records/srv_record_validator.go:40.37,42.3 1 1
terraform-provider-spaceship/internal/provider/records/srv_record_validator.go:44.2,47.9 3 1
terraform-provider-spaceship/internal/provider/records/srv_record_validator.go:47.9,53.3 1 1
terraform-provider-spaceship/internal/provider/records/srv_record_validator.go:53.8,53.60 1 1
terraform-provider-spaceship/internal/provider/records/srv_record_validator.go:53.60,59.3 1 1
terraform-provider-spaceship/internal/provider/records/srv_record_validator.go:59.8,61.47 2 1
terraform-provider-spaceship/internal/provider/records/srv_record_validator.go:61.47,67.4 1 1
terraform-provider-spaceship/internal/provider/records/srv_record_validator.go:70.2,71.9 2 1
terraform-provider-spaceship/internal/provider/records/srv_record_validator.go:71.9,77.3 1 1
terraform-provider-spaceship/internal/provider/records/srv_record_validator.go:77.8,77.62 1 1
terraform-provider-spaceship/internal/provider/records/srv_record_validator.go:77.62,83.3 1 1
terraform-provider-spaceship/internal/provider/records/srv_record_validator.go:83.8,85.48 2 1
terraform-provider-spaceship/internal/provider/records/srv_record_validator.go:85.48,91.4 1 1
terraform-provider-spaceship/internal/provider/records/srv_record_validator.go:94.2,95.9 2 1
terraform-provider-spaceship/internal/provider/records/srv_record_validator.go:95.9,101.3 1 1
terraform-provider-spaceship/internal/provider/records/srv_record_validator.go:101.8,101.62 1 1
terraform-provider-spaceship/internal/provider/records/srv_record_validator.go:101.62,107.3 1 1
terraform-provider-spaceship/internal/provider/records/srv_record_validator.go:107.8,109.48 2 1
terraform-provider-spaceship/internal/provider/records/srv_record_validator.go:109.48,115.4 1 1
terraform-provider-spaceship/internal/provider/records/srv_record_validator.go:118.2,119.9 2 1
terraform-provider-spaceship/internal/provider/records/srv_record_validator.go:119.9,125.3 1 1
terraform-provider-spaceship/internal/provider/records/srv_record_validator.go:125.8,125.58 1 1
terraform-provider-spaceship/internal/provider/records/srv_record_validator.go:125.58,131.3 1 1
terraform-provider-spaceship/internal/provider/records/srv_record_validator.go:131.8,133.46 2 1
terraform-provider-spaceship/internal/provider/records/srv_record_validator.go:133.46,139.4 1 1
terraform-provider-spaceship/internal/provider/records/srv_record_validator.go:142.2,143.9 2 1
terraform-provider-spaceship/internal/provider/records/srv_record_validator.go:143.9,149.3 1 1
terraform-provider-spaceship/internal/provider/records/srv_record_validator.go:149.8,149.66 1 1
terraform-provider-spaceship/internal/provider/records/srv_record_validator.go:149.66,155.3 1 1
terraform-provider-spaceship/internal/provider/records/srv_record_validator.go:155.8,157.44 2 1
terraform-provider-spaceship/internal/provider/records/srv_record_validator.go:157.44,163.4 1 1
terraform-provider-spaceship/internal/provider/records/srv_record_validator.go:166.2,167.9 2 1
terraform-provider-spaceship/internal/provider/records/srv_record_validator.go:167.9,173.3 1 1
terraform-provider-spaceship/internal/provider/records/srv_record_validator.go:173.8,173.58 1 1
terraform-provider-spaceship/internal/provider/records/srv_record_validator.go:173.58,179.3 1 1
terraform-provider-spaceship/internal/provider/records/srv_record_validator.go:179.8,181.46 2 1
terraform-provider-spaceship/internal/provider/records/srv_record_validator.go:181.46,187.4 1 1
terraform-provider-spaceship/internal/provider/dns_records_resource.go:46.45,48.2 1 1
terraform-provider-spaceship/internal/provider/dns_records_resource.go:52.74,54.2 1 1
terraform-provider-spaceship/internal/provider/dns_records_resource.go:55.82,57.2 1 1
terraform-provider-spaceship/internal/provider/dns_records_resource.go:58.131,59.61 1 1
terraform-provider-spaceship/internal/provider/dns_records_resource.go:59.61,61.3 1 1
terraform-provider-spaceship/internal/provider/dns_records_resource.go:62.2,65.16 3 1
terraform-provider-spaceship/internal/provider/dns_records_resource.go:65.16,72.3 2 0
terraform-provider-spaceship/internal/provider/dns_records_resource.go:74.2,74.12 1 1
terraform-provider-spaceship/internal/provider/dns_records_resource.go:74.12,80.3 1 1
terraform-provider-spaceship/internal/provider/dns_records_resource.go:86.48,88.2 1 1
terraform-provider-spaceship/internal/provider/dns_records_resource.go:167.121,169.2 1 1
terraform-provider-spaceship/internal/provider/dns_records_resource.go:171.113,387.2 1 1
terraform-provider-spaceship/internal/provider/dns_records_resource.go:389.124,390.29 1 1
terraform-provider-spaceship/internal/provider/dns_records_resource.go:390.29,392.3 1 1
terraform-provider-spaceship/internal/provider/dns_records_resource.go:394.2,395.9 2 1
terraform-provider-spaceship/internal/provider/dns_records_resource.go:395.9,398.3 2 0
terraform-provider-spaceship/internal/provider/dns_records_resource.go:399.2,399.19 1 1
terraform-provider-spaceship/internal/provider/dns_records_resource.go:402.117,403.21 1 1
terraform-provider-spaceship/internal/provider/dns_records_resource.go:403.21,406.3 2 0
terraform-provider-spaceship/internal/provider/dns_records_resource.go:408.2,410.33 3 1
terraform-provider-spaceship/internal/provider/dns_records_resource.go:410.33,412.3 1 0
terraform-provider-spaceship/internal/provider/dns_records_resource.go:414.2,417.33 4 1
terraform-provider-spaceship/internal/provider/dns_records_resource.go:417.33,419.3 1 0
terraform-provider-spaceship/internal/provider/dns_records_resource.go:421.2,422.16 2 1
terraform-provider-spaceship/internal/provider/dns_records_resource.go:422.16,425.3 2 1
terraform-provider-spaceship/internal/provider/dns_records_resource.go:427.2,428.92 2 1
terraform-provider-spaceship/internal/provider/dns_records_resource.go:428.92,431.3 2 1
terraform-provider-spaceship/internal/provider/dns_records_resource.go:433.2,433.23 1 1
terraform-provider-spaceship/internal/provider/dns_records_resource.go:433.23,434.100 1 1
terraform-provider-spaceship/internal/provider/dns_records_resource.go:434.100,437.4 2 1
terraform-provider-spaceship/internal/provider/dns_records_resource.go:440.2,441.16 2 1
terraform-provider-spaceship/internal/provider/dns_records_resource.go:441.16,444.3 2 0
terraform-provider-spaceship/internal/provider/dns_records_resource.go:446.2,450.33 4 1
terraform-provider-spaceship/internal/provider/dns_records_resource.go:450.33,452.3 1 0
terraform-provider-spaceship/internal/provider/dns_records_resource.go:454.2,458.56 4 1
terraform-provider-spaceship/internal/provider/dns_records_resource.go:461.111,462.21 1 1
terraform-provider-spaceship/internal/provider/dns_records_resource.go:462.21,466.3 2 0
terraform-provider-spaceship/internal/provider/dns_records_resource.go:468.2,470.33 3 1
terraform-provider-spaceship/internal/provider/dns_records_resource.go:470.33,472.3 1 0
terraform-provider-spaceship/internal/provider/dns_records_resource.go:474.2,476.33 3 1
terraform-provider-spaceship/internal/provider/dns_records_resource.go:476.33,478.3 1 0
terraform-provider-spaceship/internal/provider/dns_records_resource.go:480.2,481.16 2 1
terraform-provider-spaceship/internal/provider/dns_records_resource.go:481.16,482.34 1 1
terraform-provider-spaceship/internal/provider/dns_records_resource.go:482.34,485.4 2 1
terraform-provider-spaceship/internal/provider/dns_records_resource.go:487.3,488.9 2 1
terraform-provider-spaceship/internal/provider/dns_records_resource.go:491.2,495.33 4 1
terraform-provider-spaceship/internal/provider/dns_records_resource.go:495.33,497.3 1 0
terraform-provider-spaceship/internal/provider/dns_records_resource.go:499.2,501.57 2 1
terraform-provider-spaceship/internal/provider/dns_records_resource.go:504.117,505.21 1 1
terraform-provider-spaceship/internal/provider/dns_records_resource.go:505.21,508.3 2 0
terraform-provider-spaceship/internal/provider/dns_records_resource.go:510.2,512.33 3 1
terraform-provider-spaceship/internal/provider/dns_records_resource.go:512.33,514.3 1 0
terraform-provider-spaceship/internal/provider/dns_records_resource.go:516.2,519.33 4 1
terraform-provider-spaceship/internal/provider/dns_records_resource.go:519.33,521.3 1 0
terraform-provider-spaceship/internal/provider/dns_records_resource.go:523.2,524.16 2 1
terraform-provider-spaceship/internal/provider/dns_records_resource.go:524.16,527.3 2 0
terraform-provider-spaceship/internal/provider/dns_records_resource.go:529.2,531.92 2 1
terraform-provider-spaceship/internal/provider/dns_records_resource.go:531.92,534.3 2 0
terraform-provider-spaceship/internal/provider/dns_records_resource.go:536.2,536.23 1 1
terraform-provider-spaceship/internal/provider/dns_records_resource.go:536.23,537.100 1 1
terraform-provider-spaceship/internal/provider/dns_records_resource.go:537.100,540.4 2 0
terraform-provider-spaceship/internal/provider/dns_records_resource.go:543.2,544.16 2 1
terraform-provider-spaceship/internal/provider/dns_records_resource.go:544.16,547.3 2 0
terraform-provider-spaceship/internal/provider/dns_records_resource.go:549.2,553.33 4 1
terraform-provider-spaceship/internal/provider/dns_records_resource.go:553.33,555.3 1 0
terraform-provider-spaceship/internal/provider/dns_records_resource.go:557.2,560.56 4 1
terraform-provider-spaceship/internal/provider/dns_records_resource.go:563.117,566.21 1 1
terraform-provider-spaceship/internal/provider/dns_records_resource.go:566.21,569.3 2 0
terraform-provider-spaceship/internal/provider/dns_records_resource.go:571.2,573.33 3 1
terraform-provider-spaceship/internal/provider/dns_records_resource.go:573.33,575.3 1 0
terraform-provider-spaceship/internal/provider/dns_records_resource.go:577.2,578.89 2 1
terraform-provider-spaceship/internal/provider/dns_records_resource.go:578.89,581.3 2 1
terraform-provider-spaceship/internal/provider/dns_records_resource.go:583.2,583.32 1 1
terraform-provider-spaceship/internal/provider/dns_records_resource.go:586.132,591.2 3 1
terraform-provider-spaceship/internal/provider/dns_records_resource.go:593.120,596.39 2 1
terraform-provider-spaceship/internal/provider/dns_records_resource.go:596.39,598.3 1 1
terraform-provider-spaceship/internal/provider/dns_records_resource.go:600.2,602.22 3 1
terraform-provider-spaceship/internal/provider/dns_records_resource.go:602.22,604.3 1 0
terraform-provider-spaceship/internal/provider/dns_records_resource.go:606.2,608.32 2 1
terraform-provider-spaceship/internal/provider/dns_records_resource.go:608.32,612.23 3 1
terraform-provider-spaceship/internal/provider/dns_records_resource.go:612.23,614.12 2 1
terraform-provider-spaceship/internal/provider/dns_records_resource.go:617.3,618.17 2 1
terraform-provider-spaceship/internal/provider/dns_records_resource.go:618.17,620.12 2 1
terraform-provider-spaceship/internal/provider/dns_records_resource.go:624.3,625.50 2 1
terraform-provider-spaceship/internal/provider/dns_records_resource.go:625.50,627.4 1 1
terraform-provider-spaceship/internal/provider/dns_records_resource.go:629.3,637.73 3 1
terraform-provider-spaceship/internal/provider/dns_records_resource.go:637.73,638.43 1 1
terraform-provider-spaceship/internal/provider/dns_records_resource.go:638.43,640.5 1 1
terraform-provider-spaceship/internal/provider/dns_records_resource.go:641.4,641.36 1 1
terraform-provider-spaceship/internal/provider/dns_records_resource.go:644.3,644.90 1 1
terraform-provider-spaceship/internal/provider/dns_records_resource.go:644.90,645.91 1 1
terraform-provider-spaceship/internal/provider/dns_records_resource.go:645.91,648.5 2 1
terraform-provider-spaceship/internal/provider/dns_records_resource.go:649.4,649.36 1 1
terraform-provider-spaceship/internal/provider/dns_records_resource.go:652.3,652.83 1 1
terraform-provider-spaceship/internal/provider/dns_records_resource.go:652.83,653.43 1 1
terraform-provider-spaceship/internal/provider/dns_records_resource.go:653.43,656.5 2 1
terraform-provider-spaceship/internal/provider/dns_records_resource.go:657.4,657.40 1 1
terraform-provider-spaceship/internal/provider/dns_records_resource.go:660.3,660.21 1 1
terraform-provider-spaceship/internal/provider/dns_records_resource.go:661.20,662.121 1 1
terraform-provider-spaceship/internal/provider/dns_records_resource.go:662.121,664.5 1 1
terraform-provider-spaceship/internal/provider/dns_records_resource.go:664.10,666.5 1 1
terraform-provider-spaceship/internal/provider/dns_records_resource.go:668.16,669.121 1 1
terraform-provider-spaceship/internal/provider/dns_records_resource.go:669.121,671.5 1 1
terraform-provider-spaceship/internal/provider/dns_records_resource.go:671.10,673.5 1 1
terraform-provider-spaceship/internal/provider/dns_records_resource.go:675.14,676.108 1 1
terraform-provider-spaceship/internal/provider/dns_records_resource.go:676.108,678.5 1 1
terraform-provider-spaceship/internal/provider/dns_records_resource.go:678.10,680.5 1 1
terraform-provider-spaceship/internal/provider/dns_records_resource.go:682.4,682.111 1 1
terraform-provider-spaceship/internal/provider/dns_records_resource.go:682.111,684.5 1 1
terraform-provider-spaceship/internal/provider/dns_records_resource.go:684.10,686.5 1 1
terraform-provider-spaceship/internal/provider/dns_records_resource.go:688.4,688.104 1 1
terraform-provider-spaceship/internal/provider/dns_records_resource.go:688.104,690.5 1 1
terraform-provider-spaceship/internal/provider/dns_records_resource.go:690.10,692.5 1 1
terraform-provider-spaceship/internal/provider/dns_records_resource.go:693.16,694.106 1 1
terraform-provider-spaceship/internal/provider/dns_records_resource.go:694.106,696.5 1 1
terraform-provider-spaceship/internal/provider/dns_records_resource.go:696.10,698.5 1 1
terraform-provider-spaceship/internal/provider/dns_records_resource.go:700.16,701.121 1 1
terraform-provider-spaceship/internal/provider/dns_records_resource.go:701.121,703.5 1 1
terraform-provider-spaceship/internal/provider/dns_records_resource.go:703.10,705.5 1 1
terraform-provider-spaceship/internal/provider/dns_records_resource.go:706.4,706.124 1 1
terraform-provider-spaceship/internal/provider/dns_records_resource.go:706.124,708.5 1 1
terraform-provider-spaceship/internal/provider/dns_records_resource.go:708.10,710.5 1 1
terraform-provider-spaceship/internal/provider/dns_records_resource.go:711.4,711.65 1 1
terraform-provider-spaceship/internal/provider/dns_records_resource.go:711.65,713.5 1 1
terraform-provider-spaceship/internal/provider/dns_records_resource.go:713.10,715.5 1 1
terraform-provider-spaceship/internal/provider/dns_records_resource.go:716.4,716.52 1 1
terraform-provider-spaceship/internal/provider/dns_records_resource.go:716.52,718.69 2 1
terraform-provider-spaceship/internal/provider/dns_records_resource.go:718.69,721.6 2 0
terraform-provider-spaceship/internal/provider/dns_records_resource.go:723.4,723.58 1 1
terraform-provider-spaceship/internal/provider/dns_records_resource.go:723.58,725.5 1 1
terraform-provider-spaceship/internal/provider/dns_records_resource.go:726.13,727.137 1 1
terraform-provider-spaceship/internal/provider/dns_records_resource.go:727.137,729.5 1 1
terraform-provider-spaceship/internal/provider/dns_records_resource.go:729.10,731.5 1 1
terraform-provider-spaceship/internal/provider/dns_records_resource.go:732.4,732.125 1 1
terraform-provider-spaceship/internal/provider/dns_records_resource.go:732.125,734.5 1 1
terraform-provider-spaceship/internal/provider/dns_records_resource.go:734.10,736.5 1 1
terraform-provider-spaceship/internal/provider/dns_records_resource.go:738.13,739.116 1 1
terraform-provider-spaceship/internal/provider/dns_records_resource.go:739.116,741.5 1 1
terraform-provider-spaceship/internal/provider/dns_records_resource.go:741.10,743.5 1 1
terraform-provider-spaceship/internal/provider/dns_records_resource.go:745.14,746.113 1 1
terraform-provider-spaceship/internal/provider/dns_records_resource.go:746.113,748.5 1 1
terraform-provider-spaceship/internal/provider/dns_records_resource.go:748.10,750.5 1 1
terraform-provider-spaceship/internal/provider/dns_records_resource.go:752.14,753.135 1 1
terraform-provider-spaceship/internal/provider/dns_records_resource.go:753.135,755.5 1 1
terraform-provider-spaceship/internal/provider/dns_records_resource.go:755.10,757.5 1 1
terraform-provider-spaceship/internal/provider/dns_records_resource.go:758.4,758.130 1 1
terraform-provider-spaceship/internal/provider/dns_records_resource.go:758.130,760.5 1 1
terraform-provider-spaceship/internal/provider/dns_records_resource.go:760.10,762.5 1 1
terraform-provider-spaceship/internal/provider/dns_records_resource.go:763.4,763.124 1 1
terraform-provider-spaceship/internal/provider/dns_records_resource.go:763.124,765.5 1 1
terraform-provider-spaceship/internal/provider/dns_records_resource.go:765.10,767.5 1 1
terraform-provider-spaceship/internal/provider/dns_records_resource.go:768.4,768.115 1 1
terraform-provider-spaceship/internal/provider/dns_records_resource.go:768.115,770.5 1 1
terraform-provider-spaceship/internal/provider/dns_records_resource.go:770.10,772.5 1 1
terraform-provider-spaceship/internal/provider/dns_records_resource.go:773.4,773.127 1 1
terraform-provider-spaceship/internal/provider/dns_records_resource.go:773.127,775.5 1 1
terraform-provider-spaceship/internal/provider/dns_records_resource.go:775.10,777.5 1 1
terraform-provider-spaceship/internal/provider/dns_records_resource.go:778.4,778.110 1 1
terraform-provider-spaceship/internal/provider/dns_records_resource.go:778.110,780.5 1 1
terraform-provider-spaceship/internal/provider/dns_records_resource.go:780.10,782.5 1 1
terraform-provider-spaceship/internal/provider/dns_records_resource.go:784.15,785.131 1 1
terraform-provider-spaceship/internal/provider/dns_records_resource.go:785.131,787.5 1 1
terraform-provider-spaceship/internal/provider/dns_records_resource.go:787.10,789.5 1 1
terraform-provider-spaceship/internal/provider/dns_records_resource.go:790.4,790.119 1 1
terraform-provider-spaceship/internal/provider/dns_records_resource.go:790.119,792.5 1 1
terraform-provider-spaceship/internal/provider/dns_records_resource.go:792.10,794.5 1 1
terraform-provider-spaceship/internal/provider/dns_records_resource.go:795.4,795.65 1 1
terraform-provider-spaceship/internal/provider/dns_records_resource.go:795.65,797.5 1 1
terraform-provider-spaceship/internal/provider/dns_records_resource.go:797.10,799.5 1 1
terraform-provider-spaceship/internal/provider/dns_records_resource.go:800.4,800.52 1 1
terraform-provider-spaceship/internal/provider/dns_records_resource.go:800.52,802.5 1 1
terraform-provider-spaceship/internal/provider/dns_records_resource.go:803.4,803.58 1 1
terraform-provider-spaceship/internal/provider/dns_records_resource.go:803.58,805.5 1 1
terraform-provider-spaceship/internal/provider/dns_records_resource.go:807.15,808.123 1 1
terraform-provider-spaceship/internal/provider/dns_records_resource.go:808.123,810.5 1 1
terraform-provider-spaceship/internal/provider/dns_records_resource.go:810.10,812.5 1 1
terraform-provider-spaceship/internal/provider/dns_records_resource.go:813.4,813.131 1 1
terraform-provider-spaceship/internal/provider/dns_records_resource.go:813.131,815.5 1 1
terraform-provider-spaceship/internal/provider/dns_records_resource.go:815.10,817.5 1 1
terraform-provider-spaceship/internal/provider/dns_records_resource.go:818.4,818.110 1 1
terraform-provider-spaceship/internal/provider/dns_records_resource.go:818.110,820.5 1 1
terraform-provider-spaceship/internal/provider/dns_records_resource.go:820.10,822.5 1 1
terraform-provider-spaceship/internal/provider/dns_records_resource.go:823.4,823.121 1 1
terraform-provider-spaceship/internal/provider/dns_records_resource.go:823.121,825.5 1 1
terraform-provider-spaceship/internal/provider/dns_records_resource.go:825.10,827.5 1 1
terraform-provider-spaceship/internal/provider/dns_records_resource.go:828.4,828.122 1 1
terraform-provider-spaceship/internal/provider/dns_records_resource.go:828.122,830.5 1 1
terraform-provider-spaceship/internal/provider/dns_records_resource.go:830.10,832.5 1 1
terraform-provider-spaceship/internal/provider/dns_records_resource.go:833.4,833.177 1 1
terraform-provider-spaceship/internal/provider/dns_records_resource.go:833.177,835.5 1 1
terraform-provider-spaceship/internal/provider/dns_records_resource.go:835.10,837.5 1 1
terraform-provider-spaceship/internal/provider/dns_records_resource.go:838.4,838.58 1 1
terraform-provider-spaceship/internal/provider/dns_records_resource.go:838.58,840.5 1 0
terraform-provider-spaceship/internal/provider/dns_records_resource.go:842.14,843.105 1 1
terraform-provider-spaceship/internal/provider/dns_records_resource.go:843.105,845.5 1 1
terraform-provider-spaceship/internal/provider/dns_records_resource.go:845.10,847.5 1 1
terraform-provider-spaceship/internal/provider/dns_records_resource.go:848.11,850.12 2 1
terraform-provider-spaceship/internal/provider/dns_records_resource.go:853.3,853.12 1 1
terraform-provider-spaceship/internal/provider/dns_records_resource.go:853.12,855.4 1 1
terraform-provider-spaceship/internal/provider/dns_records_resource.go:858.2,858.23 1 1
terraform-provider-spaceship/internal/provider/dns_records_resource.go:861.104,863.33 2 1
terraform-provider-spaceship/internal/provider/dns_records_resource.go:863.33,869.21 2 1
terraform-provider-spaceship/internal/provider/dns_records_resource.go:869.21,871.4 1 1
terraform-provider-spaceship/internal/provider/dns_records_resource.go:871.9,873.4 1 1
terraform-provider-spaceship/internal/provider/dns_records_resource.go:875.3,875.51 1 1
terraform-provider-spaceship/internal/provider/dns_records_resource.go:875.51,876.19 1 1
terraform-provider-spaceship/internal/provider/dns_records_resource.go:876.19,878.5 1 1
terraform-provider-spaceship/internal/provider/dns_records_resource.go:879.4,879.35 1 1
terraform-provider-spaceship/internal/provider/dns_records_resource.go:882.3,882.52 1 1
terraform-provider-spaceship/internal/provider/dns_records_resource.go:882.52,883.20 1 1
terraform-provider-spaceship/internal/provider/dns_records_resource.go:883.20,885.5 1 1
terraform-provider-spaceship/internal/provider/dns_records_resource.go:886.4,886.42 1 1
terraform-provider-spaceship/internal/provider/dns_records_resource.go:889.3,896.25 7 1
terraform-provider-spaceship/internal/provider/dns_records_resource.go:896.25,897.33 1 1
terraform-provider-spaceship/internal/provider/dns_records_resource.go:897.33,899.5 1 1
terraform-provider-spaceship/internal/provider/dns_records_resource.go:901.4,901.30 1 1
terraform-provider-spaceship/internal/provider/dns_records_resource.go:901.30,903.5 1 1
terraform-provider-spaceship/internal/provider/dns_records_resource.go:906.3,924.37 18 1
terraform-provider-spaceship/internal/provider/dns_records_resource.go:927.2,927.64 1 1
terraform-provider-spaceship/internal/provider/dns_records_resource.go:930.99,932.33 2 1
terraform-provider-spaceship/internal/provider/dns_records_resource.go:932.33,934.3 1 1
terraform-provider-spaceship/internal/provider/dns_records_resource.go:936.2,937.34 2 1
terraform-provider-spaceship/internal/provider/dns_records_resource.go:937.34,939.50 2 1
terraform-provider-spaceship/internal/provider/dns_records_resource.go:939.50,941.4 1 1
terraform-provider-spaceship/internal/provider/dns_records_resource.go:944.2,946.33 2 1
terraform-provider-spaceship/internal/provider/dns_records_resource.go:946.33,949.117 3 1
terraform-provider-spaceship/internal/provider/dns_records_resource.go:949.117,950.12 1 1
terraform-provider-spaceship/internal/provider/dns_records_resource.go:953.3,953.39 1 1
terraform-provider-spaceship/internal/provider/dns_records_resource.go:953.39,954.12 1 1
terraform-provider-spaceship/internal/provider/dns_records_resource.go:957.3,958.25 2 1
terraform-provider-spaceship/internal/provider/dns_records_resource.go:961.2,961.27 1 1
terraform-provider-spaceship/internal/provider/dns_records_resource.go:964.48,966.2 1 1
terraform-provider-spaceship/internal/provider/dns_records_resource.go:968.84,969.46 1 1
terraform-provider-spaceship/internal/provider/dns_records_resource.go:969.46,971.3 1 1
terraform-provider-spaceship/internal/provider/dns_records_resource.go:973.2,980.33 3 1
terraform-provider-spaceship/internal/provider/dns_records_resource.go:980.33,985.3 1 1
terraform-provider-spaceship/internal/provider/dns_records_resource.go:987.2,989.32 2 1
terraform-provider-spaceship/internal/provider/dns_records_resource.go:989.32,991.24 2 1
terraform-provider-spaceship/internal/provider/dns_records_resource.go:991.24,992.21 1 1
terraform-provider-spaceship/internal/provider/dns_records_resource.go:992.21,993.13 1 1
terraform-provider-spaceship/internal/provider/dns_records_resource.go:995.4,995.27 1 1
terraform-provider-spaceship/internal/provider/dns_records_resource.go:995.27,998.10 3 1
terraform-provider-spaceship/internal/provider/dns_records_resource.go:1003.2,1003.23 1 1
terraform-provider-spaceship/internal/provider/dns_records_resource.go:1003.23,1004.21 1 1
terraform-provider-spaceship/internal/provider/dns_records_resource.go:1004.21,1006.4 1 1
terraform-provider-spaceship/internal/provider/dns_records_resource.go:1009.2,1009.16 1 1
terraform-provider-spaceship/internal/provider/dns_records_resource.go:1012.59,1014.33 2 1
terraform-provider-spaceship/internal/provider/dns_records_resource.go:1014.33,1015.30 1 1
terraform-provider-spaceship/internal/provider/dns_records_resource.go:1015.30,1016.25 1 1
terraform-provider-spaceship/internal/provider/dns_records_resource.go:1016.25,1018.5 1 1
terraform-provider-spaceship/internal/provider/dns_records_resource.go:1019.4,1019.29 1 1
terraform-provider-spaceship/internal/provider/dns_records_resource.go:1023.2,1023.38 1 1
terraform-provider-spaceship/internal/provider/dns_records_resource.go:1024.19,1025.41 1 1
terraform-provider-spaceship/internal/provider/dns_records_resource.go:1026.15,1027.43 1 1
terraform-provider-spaceship/internal/provider/dns_records_resource.go:1028.13,1029.94 1 1
terraform-provider-spaceship/internal/provider/dns_records_resource.go:1030.15,1031.39 1 1
terraform-provider-spaceship/internal/provider/dns_records_resource.go:1032.15,1034.177 1 1
terraform-provider-spaceship/internal/provider/dns_records_resource.go:1035.12,1036.74 1 1
terraform-provider-spaceship/internal/provider/dns_records_resource.go:1037.12,1038.44 1 1
terraform-provider-spaceship/internal/provider/dns_records_resource.go:1039.13,1040.41 1 1
terraform-provider-spaceship/internal/provider/dns_records_resource.go:1041.13,1042.133 1 1
terraform-provider-spaceship/internal/provider/dns_records_resource.go:1043.14,1044.177 1 1
terraform-provider-spaceship/internal/provider/dns_records_resource.go:1045.14,1047.174 2 1
terraform-provider-spaceship/internal/provider/dns_records_resource.go:1048.13,1049.22 1 1
terraform-provider-spaceship/internal/provider/dns_records_resource.go:1050.10,1051.24 1 1
terraform-provider-spaceship/internal/provider/dns_records_resource.go:1053.2,1053.25 1 1
terraform-provider-spaceship/internal/provider/dns_records_resource.go:1056.37,1057.18 1 1
terraform-provider-spaceship/internal/provider/dns_records_resource.go:1057.18,1059.3 1 1
terraform-provider-spaceship/internal/provider/dns_records_resource.go:1060.2,1060.34 1 1
terraform-provider-spaceship/internal/provider/dns_records_resource.go:1063.56,1064.17 1 1
terraform-provider-spaceship/internal/provider/dns_records_resource.go:1064.17,1066.3 1 1
terraform-provider-spaceship/internal/provider/dns_records_resource.go:1067.2,1067.21 1 1
terraform-provider-spaceship/internal/provider/dns_records_resource.go:1067.21,1069.3 1 1
terraform-provider-spaceship/internal/provider/dns_records_resource.go:1070.2,1070.24 1 1
terraform-provider-spaceship/internal/provider/dns_records_resource.go:1070.24,1072.3 1 1
terraform-provider-spaceship/internal/provider/dns_records_resource.go:1073.2,1073.11 1 1
terraform-provider-spaceship/internal/provider/dns_records_resource.go:1076.58,1077.41 1 1
terraform-provider-spaceship/internal/provider/dns_records_resource.go:1077.41,1079.3 1 1
terraform-provider-spaceship/internal/provider/dns_records_resource.go:1080.2,1080.26 1 1
terraform-provider-spaceship/internal/provider/dns_records_resource.go:1089.61,1091.2 1 1
terraform-provider-spaceship/internal/provider/dns_records_resource.go:1093.70,1095.2 1 1
terraform-provider-spaceship/internal/provider/dns_records_resource.go:1097.80,1099.2 1 1
terraform-provider-spaceship/internal/provider/dns_records_resource.go:1101.121,1102.61 1 1
terraform-provider-spaceship/internal/provider/dns_records_resource.go:1102.61,1104.3 1 1
terraform-provider-spaceship/internal/provider/dns_records_resource.go:1105.2,1109.4 1 1
terraform-provider-spaceship/internal/provider/domain_common.go:15.51,16.17 1 1
terraform-provider-spaceship/internal/provider/domain_common.go:16.17,18.3 1 1
terraform-provider-spaceship/internal/provider/domain_common.go:19.2,19.33 1 1
terraform-provider-spaceship/internal/provider/domain_common.go:22.66,23.22 1 1
terraform-provider-spaceship/internal/provider/domain_common.go:23.22,25.3 1 1
terraform-provider-spaceship/internal/provider/domain_common.go:27.2,29.27 2 1
terraform-provider-spaceship/internal/provider/domain_common.go:29.27,33.3 1 1
terraform-provider-spaceship/internal/provider/domain_common.go:34.2,34.12 1 1
terraform-provider-spaceship/internal/provider/domain_common.go:37.78,42.2 1 1
terraform-provider-spaceship/internal/provider/domain_common.go:44.101,51.2 2 1
terraform-provider-spaceship/internal/provider/domain_common.go:53.91,63.2 2 1
terraform-provider-spaceship/internal/provider/domain_common.go:65.53,165.2 1 1
terraform-provider-spaceship/internal/provider/domain_common.go:167.100,172.22 4 1
terraform-provider-spaceship/internal/provider/domain_common.go:172.22,174.3 1 0
terraform-provider-spaceship/internal/provider/domain_common.go:176.2,178.22 3 1
terraform-provider-spaceship/internal/provider/domain_common.go:178.22,180.3 1 0
terraform-provider-spaceship/internal/provider/domain_common.go:182.2,184.22 3 1
terraform-provider-spaceship/internal/provider/domain_common.go:184.22,186.3 1 0
terraform-provider-spaceship/internal/provider/domain_common.go:188.2,202.10 1 1
terraform-provider-spaceship/internal/provider/domain_info_data_source.go:17.54,19.2 1 1
terraform-provider-spaceship/internal/provider/domain_info_data_source.go:25.127,27.2 1 1
terraform-provider-spaceship/internal/provider/domain_info_data_source.go:29.117,33.33 3 1
terraform-provider-spaceship/internal/provider/domain_info_data_source.go:33.33,35.3 1 0
terraform-provider-spaceship/internal/provider/domain_info_data_source.go:37.2,39.16 2 1
terraform-provider-spaceship/internal/provider/domain_info_data_source.go:39.16,42.3 2 0
terraform-provider-spaceship/internal/provider/domain_info_data_source.go:44.2,46.33 3 1
terraform-provider-spaceship/internal/provider/domain_info_data_source.go:46.33,48.3 1 0
terraform-provider-spaceship/internal/provider/domain_info_data_source.go:50.2,53.56 3 1
terraform-provider-spaceship/internal/provider/domain_info_data_source.go:57.121,70.2 3 1
terraform-provider-spaceship/internal/provider/domain_info_data_source.go:72.130,73.29 1 1
terraform-provider-spaceship/internal/provider/domain_info_data_source.go:73.29,75.3 1 1
terraform-provider-spaceship/internal/provider/domain_info_data_source.go:77.2,78.9 2 1
terraform-provider-spaceship/internal/provider/domain_info_data_source.go:78.9,81.3 2 0
terraform-provider-spaceship/internal/provider/domain_info_data_source.go:83.2,83.19 1 1
terraform-provider-spaceship/internal/provider/domain_list_data_source.go:15.54,17.2 1 1
terraform-provider-spaceship/internal/provider/domain_list_data_source.go:23.127,25.2 1 1
terraform-provider-spaceship/internal/provider/domain_list_data_source.go:32.117,36.33 3 1
terraform-provider-spaceship/internal/provider/domain_list_data_source.go:36.33,38.3 1 0
terraform-provider-spaceship/internal/provider/domain_list_data_source.go:40.2,44.21 3 1
terraform-provider-spaceship/internal/provider/domain_list_data_source.go:44.21,47.3 2 0
terraform-provider-spaceship/internal/provider/domain_list_data_source.go:49.2,51.16 2 1
terraform-provider-spaceship/internal/provider/domain_list_data_source.go:51.16,57.3 2 0
terraform-provider-spaceship/internal/provider/domain_list_data_source.go:59.2,60.38 2 1
terraform-provider-spaceship/internal/provider/domain_list_data_source.go:60.38,63.34 3 1
terraform-provider-spaceship/internal/provider/domain_list_data_source.go:63.34,65.4 1 0
terraform-provider-spaceship/internal/provider/domain_list_data_source.go:67.3,67.49 1 1
terraform-provider-spaceship/internal/provider/domain_list_data_source.go:70.2,72.56 2 1
terraform-provider-spaceship/internal/provider/domain_list_data_source.go:76.121,91.2 1 1
terraform-provider-spaceship/internal/provider/domain_list_data_source.go:93.130,94.29 1 1
terraform-provider-spaceship/internal/provider/domain_list_data_source.go:94.29,96.3 1 1
terraform-provider-spaceship/internal/provider/domain_list_data_source.go:98.2,100.9 2 1
terraform-provider-spaceship/internal/provider/domain_list_data_source.go:100.9,103.3 2 0
terraform-provider-spaceship/internal/provider/domain_list_data_source.go:105.2,105.19 1 1
terraform-provider-spaceship/internal/provider/domain_resource.go:27.44,29.2 1 1
terraform-provider-spaceship/internal/provider/domain_resource.go:57.117,59.2 1 1
terraform-provider-spaceship/internal/provider/domain_resource.go:61.111,235.2 1 1
terraform-provider-spaceship/internal/provider/domain_resource.go:237.107,243.33 4 1
terraform-provider-spaceship/internal/provider/domain_resource.go:243.33,248.3 2 0
terraform-provider-spaceship/internal/provider/domain_resource.go:250.2,259.16 4 1
terraform-provider-spaceship/internal/provider/domain_resource.go:259.16,262.3 2 0
terraform-provider-spaceship/internal/provider/domain_resource.go:264.2,265.33 2 1
terraform-provider-spaceship/internal/provider/domain_resource.go:265.33,267.3 1 0
terraform-provider-spaceship/internal/provider/domain_resource.go:269.2,270.35 2 1
terraform-provider-spaceship/internal/provider/domain_resource.go:273.122,274.29 1 1
terraform-provider-spaceship/internal/provider/domain_resource.go:274.29,276.3 1 1
terraform-provider-spaceship/internal/provider/domain_resource.go:278.2,279.9 2 1
terraform-provider-spaceship/internal/provider/domain_resource.go:279.9,282.3 2 0
terraform-provider-spaceship/internal/provider/domain_resource.go:284.2,284.19 1 1
terraform-provider-spaceship/internal/provider/domain_resource.go:287.113,293.33 5 1
terraform-provider-spaceship/internal/provider/domain_resource.go:293.33,295.3 1 0
terraform-provider-spaceship/internal/provider/domain_resource.go:297.2,299.16 2 1
terraform-provider-spaceship/internal/provider/domain_resource.go:299.16,302.3 2 0
terraform-provider-spaceship/internal/provider/domain_resource.go:304.2,309.33 4 1
terraform-provider-spaceship/internal/provider/domain_resource.go:309.33,311.3 1 0
terraform-provider-spaceship/internal/provider/domain_resource.go:312.2,312.57 1 1
terraform-provider-spaceship/internal/provider/domain_resource.go:316.112,320.2 0 1
terraform-provider-spaceship/internal/provider/domain_resource.go:322.113,327.33 4 1
terraform-provider-spaceship/internal/provider/domain_resource.go:327.33,329.3 1 0
terraform-provider-spaceship/internal/provider/domain_resource.go:331.2,334.103 2 1
terraform-provider-spaceship/internal/provider/domain_resource.go:334.103,343.17 4 1
terraform-provider-spaceship/internal/provider/domain_resource.go:343.17,349.4 2 0
terraform-provider-spaceship/internal/provider/domain_resource.go:353.2,353.65 1 1
terraform-provider-spaceship/internal/provider/domain_resource.go:353.65,355.49 1 1
terraform-provider-spaceship/internal/provider/domain_resource.go:355.49,358.35 3 1
terraform-provider-spaceship/internal/provider/domain_resource.go:358.35,360.5 1 0
terraform-provider-spaceship/internal/provider/domain_resource.go:362.4,365.59 3 1
terraform-provider-spaceship/internal/provider/domain_resource.go:365.59,367.36 2 1
terraform-provider-spaceship/internal/provider/domain_resource.go:367.36,369.6 1 0
terraform-provider-spaceship/internal/provider/domain_resource.go:373.4,373.50 1 1
terraform-provider-spaceship/internal/provider/domain_resource.go:373.50,375.5 1 0
terraform-provider-spaceship/internal/provider/domain_resource.go:377.4,381.18 2 1
terraform-provider-spaceship/internal/provider/domain_resource.go:381.18,384.5 2 0
terraform-provider-spaceship/internal/provider/domain_resource.go:389.2,390.16 2 1
terraform-provider-spaceship/internal/provider/domain_resource.go:390.16,393.3 2 0
terraform-provider-spaceship/internal/provider/domain_resource.go:395.2,398.33 3 1
terraform-provider-spaceship/internal/provider/domain_resource.go:398.33,400.3 1 0
terraform-provider-spaceship/internal/provider/domain_resource.go:405.2,405.61 1 1
terraform-provider-spaceship/internal/provider/domain_resource.go:405.61,407.3 1 1
terraform-provider-spaceship/internal/provider/domain_resource.go:408.2,408.65 1 1
terraform-provider-spaceship/internal/provider/domain_resource.go:408.65,410.3 1 1
terraform-provider-spaceship/internal/provider/domain_resource.go:412.2,412.57 1 1
terraform-provider-spaceship/internal/provider/domain_resource.go:415.128,421.2 2 0
terraform-provider-spaceship/internal/provider/domain_resource.go:423.125,425.27 1 1
terraform-provider-spaceship/internal/provider/domain_resource.go:425.27,433.3 2 1
terraform-provider-spaceship/internal/provider/domain_resource.go:435.2,437.33 3 1
terraform-provider-spaceship/internal/provider/domain_resource.go:437.33,439.3 1 0
terraform-provider-spaceship/internal/provider/domain_resource.go:441.2,441.63 1 1
terraform-provider-spaceship/internal/provider/domain_resource.go:441.63,443.3 1 1
terraform-provider-spaceship/internal/provider/domain_resource.go:445.2,447.33 3 1
terraform-provider-spaceship/internal/provider/domain_resource.go:447.33,449.3 1 0
terraform-provider-spaceship/internal/provider/domain_resource.go:452.2,455.77 2 1
terraform-provider-spaceship/internal/provider/domain_resource.go:455.77,457.3 1 1
terraform-provider-spaceship/internal/provider/domain_resource.go:457.8,457.64 1 1
terraform-provider-spaceship/internal/provider/domain_resource.go:457.64,459.34 2 1
terraform-provider-spaceship/internal/provider/domain_resource.go:459.34,461.4 1 0
terraform-provider-spaceship/internal/provider/domain_resource.go:462.8,464.3 1 0
terraform-provider-spaceship/internal/provider/domain_resource.go:466.2,468.33 3 1
terraform-provider-spaceship/internal/provider/domain_resource.go:468.33,470.3 1 0
terraform-provider-spaceship/internal/provider/domain_resource.go:471.2,471.81 1 1
terraform-provider-spaceship/internal/provider/domain_resource.go:474.112,489.22 12 1
terraform-provider-spaceship/internal/provider/domain_resource.go:489.22,492.3 2 0
terraform-provider-spaceship/internal/provider/domain_resource.go:493.2,497.22 4 1
terraform-provider-spaceship/internal/provider/domain_resource.go:497.22,500.3 2 0
terraform-provider-spaceship/internal/provider/domain_resource.go:501.2,505.22 4 1
terraform-provider-spaceship/internal/provider/domain_resource.go:505.22,508.3 2 0
terraform-provider-spaceship/internal/provider/domain_resource.go:509.2,513.22 4 1
terraform-provider-spaceship/internal/provider/domain_resource.go:513.22,516.3 2 0
terraform-provider-spaceship/internal/provider/domain_resource.go:517.2,521.22 4 1
terraform-provider-spaceship/internal/provider/domain_resource.go:521.22,524.3 2 0
terraform-provider-spaceship/internal/provider/domain_resource.go:525.2,527.14 2 1
terraform-provider-spaceship/internal/provider/domain_resource.go:530.82,531.23 1 1
terraform-provider-spaceship/internal/provider/domain_resource.go:531.23,533.3 1 1
terraform-provider-spaceship/internal/provider/domain_resource.go:535.2,537.4 1 1
terraform-provider-spaceship/internal/provider/domain_resource.go:540.112,547.21 3 1
terraform-provider-spaceship/internal/provider/domain_resource.go:547.21,549.3 1 0
terraform-provider-spaceship/internal/provider/domain_resource.go:549.8,554.23 3 1
terraform-provider-spaceship/internal/provider/domain_resource.go:554.23,556.4 1 0
terraform-provider-spaceship/internal/provider/domain_resource.go:559.2,564.54 2 1
terraform-provider-spaceship/internal/provider/domain_resource.go:568.118,575.24 3 1
terraform-provider-spaceship/internal/provider/domain_resource.go:575.24,577.3 1 1
terraform-provider-spaceship/internal/provider/domain_resource.go:579.2,579.27 1 1
terraform-provider-spaceship/internal/provider/domain_resource.go:579.27,581.3 1 1
terraform-provider-spaceship/internal/provider/domain_resource.go:583.2,585.32 2 1
terraform-provider-spaceship/internal/provider/domain_resource.go:585.32,589.23 2 1
terraform-provider-spaceship/internal/provider/domain_resource.go:589.23,591.4 1 0
terraform-provider-spaceship/internal/provider/domain_resource.go:592.3,592.33 1 1
terraform-provider-spaceship/internal/provider/domain_resource.go:594.2,594.64 1 1
terraform-provider-spaceship/internal/provider/domain_resource.go:598.112,609.32 3 1
terraform-provider-spaceship/internal/provider/domain_resource.go:609.32,611.3 1 1
terraform-provider-spaceship/internal/provider/domain_resource.go:611.8,614.23 3 1
terraform-provider-spaceship/internal/provider/domain_resource.go:614.23,616.4 1 0
terraform-provider-spaceship/internal/provider/domain_resource.go:619.2,630.61 2 1
terraform-provider-spaceship/internal/provider/domain_resource.go:634.122,646.2 3 1
terraform-provider-spaceship/internal/provider/nameservers_validator.go:17.72,19.2 1 1
terraform-provider-spaceship/internal/provider/nameservers_validator.go:21.80,23.2 1 1
terraform-provider-spaceship/internal/provider/nameservers_validator.go:25.129,26.61 1 1
terraform-provider-spaceship/internal/provider/nameservers_validator.go:26.61,28.3 1 1
terraform-provider-spaceship/internal/provider/nameservers_validator.go:30.2,33.62 3 1
terraform-provider-spaceship/internal/provider/nameservers_validator.go:33.62,35.3 1 1
terraform-provider-spaceship/internal/provider/nameservers_validator.go:37.2,38.9 2 1
terraform-provider-spaceship/internal/provider/nameservers_validator.go:38.9,40.3 1 0
terraform-provider-spaceship/internal/provider/nameservers_validator.go:41.2,41.30 1 1
terraform-provider-spaceship/internal/provider/nameservers_validator.go:41.30,43.3 1 1
terraform-provider-spaceship/internal/provider/nameservers_validator.go:45.2,48.18 3 1
terraform-provider-spaceship/internal/provider/nameservers_validator.go:49.16,50.19 1 1
terraform-provider-spaceship/internal/provider/nameservers_validator.go:50.19,57.4 2 1
terraform-provider-spaceship/internal/provider/nameservers_validator.go:59.3,61.34 3 1
terraform-provider-spaceship/internal/provider/nameservers_validator.go:61.34,63.4 1 0
terraform-provider-spaceship/internal/provider/nameservers_validator.go:65.3,65.39 1 1
terraform-provider-spaceship/internal/provider/nameservers_validator.go:65.39,71.4 1 1
terraform-provider-spaceship/internal/provider/nameservers_validator.go:72.15,73.20 1 1
terraform-provider-spaceship/internal/provider/nameservers_validator.go:73.20,79.4 1 1
terraform-provider-spaceship/internal/provider/nameservers_validator.go:88.53,90.37 2 1
terraform-provider-spaceship/internal/provider/nameservers_validator.go:90.37,92.3 1 1
terraform-provider-spaceship/internal/provider/nameservers_validator.go:95.2,96.36 2 1
terraform-provider-spaceship/internal/provider/nameservers_validator.go:96.36,98.3 1 1
terraform-provider-spaceship/internal/provider/nameservers_validator.go:100.2,100.29 1 1
terraform-provider-spaceship/internal/provider/nameservers_validator.go:100.29,101.54 1 1
terraform-provider-spaceship/internal/provider/nameservers_validator.go:101.54,103.4 1 1
terraform-provider-spaceship/internal/provider/nameservers_validator.go:105.2,105.13 1 1
terraform-provider-spaceship/internal/provider/provider.go:23.23,24.51 1 1
terraform-provider-spaceship/internal/provider/provider.go:24.51,26.3 1 1
terraform-provider-spaceship/internal/provider/provider.go:27.2,27.23 1 0
terraform-provider-spaceship/internal/provider/provider.go:35.51,36.34 1 1
terraform-provider-spaceship/internal/provider/provider.go:36.34,40.3 1 1
terraform-provider-spaceship/internal/provider/provider.go:52.118,55.2 2 1
terraform-provider-spaceship/internal/provider/provider.go:57.112,79.2 1 1
terraform-provider-spaceship/internal/provider/provider.go:81.125,86.33 4 1
terraform-provider-spaceship/internal/provider/provider.go:86.33,88.3 1 0
terraform-provider-spaceship/internal/provider/provider.go:90.2,93.18 3 1
terraform-provider-spaceship/internal/provider/provider.go:93.18,100.3 1 1
terraform-provider-spaceship/internal/provider/provider.go:102.2,102.21 1 1
terraform-provider-spaceship/internal/provider/provider.go:102.21,109.3 1 1
terraform-provider-spaceship/internal/provider/provider.go:111.2,111.33 1 1
terraform-provider-spaceship/internal/provider/provider.go:111.33,113.3 1 1
terraform-provider-spaceship/internal/provider/provider.go:115.2,116.16 2 1
terraform-provider-spaceship/internal/provider/provider.go:116.16,122.3 2 0
terraform-provider-spaceship/internal/provider/provider.go:125.2,130.28 3 1
terraform-provider-spaceship/internal/provider/provider.go:133.85,138.2 1 1
terraform-provider-spaceship/internal/provider/provider.go:140.91,145.2 1 1
terraform-provider-spaceship/internal/provider/provider.go:147.62,148.43 1 1
terraform-provider-spaceship/internal/provider/provider.go:148.43,150.3 1 1
terraform-provider-spaceship/internal/provider/provider.go:152.2,152.45 1 1
